  MyCamera.cpp
  OrthoCam.cpp
  PerspectiveCam.cpp
  GDPHYSX-SampleProject.cpp
C:\Users\Matthew Jayd\PHYS-MCO\MCO-Baldonado-Macaraeg\GDPHYSX-SampleProject\P6\PhysicsWorld.h(16,51): warning C4305: 'argument': truncation from 'double' to 'const float'
C:\Users\Matthew Jayd\PHYS-MCO\MCO-Baldonado-Macaraeg\GDPHYSX-SampleProject\GDPHYSX-SampleProject.cpp(145,25): warning C4244: 'initializing': conversion from 'double' to 'float', possible loss of data
C:\Users\Matthew Jayd\PHYS-MCO\MCO-Baldonado-Macaraeg\GDPHYSX-SampleProject\GDPHYSX-SampleProject.cpp(146,26): warning C4244: 'initializing': conversion from 'double' to 'float', possible loss of data
C:\Users\Matthew Jayd\PHYS-MCO\MCO-Baldonado-Macaraeg\GDPHYSX-SampleProject\GDPHYSX-SampleProject.cpp(159,81): warning C4244: 'argument': conversion from 'int' to 'const float', possible loss of data
C:\Users\Matthew Jayd\PHYS-MCO\MCO-Baldonado-Macaraeg\GDPHYSX-SampleProject\GDPHYSX-SampleProject.cpp(159,67): warning C4244: 'argument': conversion from 'int' to 'const float', possible loss of data
C:\Users\Matthew Jayd\PHYS-MCO\MCO-Baldonado-Macaraeg\GDPHYSX-SampleProject\GDPHYSX-SampleProject.cpp(159,53): warning C4244: 'argument': conversion from 'int' to 'const float', possible loss of data
  DragForce.cpp
  Force.cpp
  ForceRegistry.cpp
  Gravity.cpp
  MyVector.cpp
  P6Particle.cpp
  Particle.cpp
  PhysicsWorld.cpp
C:\Users\Matthew Jayd\PHYS-MCO\MCO-Baldonado-Macaraeg\GDPHYSX-SampleProject\p6\PhysicsWorld.h(16,51): warning C4305: 'argument': truncation from 'double' to 'const float'
  Input.cpp
  Model3d.cpp
C:\Users\Matthew Jayd\PHYS-MCO\MCO-Baldonado-Macaraeg\GDPHYSX-SampleProject\Renderer\Model3d.cpp(231,63): warning C4267: 'argument': conversion from 'size_t' to 'GLsizei', possible loss of data
  Shader.cpp
  Generating Code...
  glad.c
LINK : warning LNK4098: defaultlib 'MSVCRT' conflicts with use of other libs; use /NODEFAULTLIB:library
  GRAP1_Projects.vcxproj -> C:\Users\Matthew Jayd\PHYS-MCO\MCO-Baldonado-Macaraeg\GDPHYSX-SampleProject\x64\Debug\GDPHYSX-SampleProject.exe
